epoch,accuracy,loss,lr,precision,recall,top5_accuracy,val_accuracy,val_loss,val_precision,val_recall,val_top5_accuracy
0,0.937166690826416,0.2274966537952423,0.001,0.9710832834243774,0.9092037081718445,0.9918518662452698,0.5086666941642761,2.2797365188598633,0.7746564745903015,0.42283332347869873,0.6620000004768372
1,0.9792407155036926,0.07291044294834137,0.001,0.9828804731369019,0.9760185480117798,0.9996111392974854,0.24650000035762787,3.366279363632202,0.2613227069377899,0.22983333468437195,0.9416666626930237
2,0.9823148250579834,0.0591445192694664,0.001,0.9847478866577148,0.9804259538650513,0.9996481537818909,0.7648333311080933,1.0617854595184326,0.8030490875244141,0.7549999952316284,0.9054999947547913
3,0.9853518605232239,0.04918181523680687,0.001,0.9870332479476929,0.9839259386062622,0.9998518228530884,0.784333348274231,0.7866411209106445,0.8319709300994873,0.7633333206176758,0.9556666612625122
4,0.9875184893608093,0.04174176603555679,0.001,0.9889532327651978,0.9864259362220764,0.999833345413208,0.8820000290870667,0.372519850730896,0.8950247764587402,0.8725000023841858,0.9981666803359985
5,0.988611102104187,0.03816331923007965,0.001,0.9897555708885193,0.9876111149787903,0.9998888969421387,0.9421666860580444,0.17015129327774048,0.9479535222053528,0.9380000233650208,0.999666690826416
6,0.988703727722168,0.03665267303586006,0.001,0.989812970161438,0.9878333210945129,0.9998703598976135,0.8483333587646484,0.6003021597862244,0.8827062249183655,0.8328333497047424,0.9698333144187927
7,0.9901296496391296,0.03318270668387413,0.001,0.9911166429519653,0.9896666407585144,0.9999444484710693,0.684166669845581,1.2474849224090576,0.6881937384605408,0.6819999814033508,0.9993333220481873
8,0.9917592406272888,0.02777971141040325,0.001,0.9923798441886902,0.9912037253379822,0.9999259114265442,0.9773333072662354,0.07987803965806961,0.981391429901123,0.9756666421890259,0.9984999895095825
9,0.992111086845398,0.02716653048992157,0.001,0.9926955699920654,0.9915925860404968,0.9998888969421387,0.890999972820282,0.33496102690696716,0.9061266779899597,0.8799999952316284,0.9976666569709778
10,0.9924629926681519,0.024574583396315575,0.001,0.9931954145431519,0.9919815063476562,0.9999629855155945,0.8948333263397217,0.4145914614200592,0.9079239964485168,0.8841666579246521,0.9863333106040955
11,0.99272221326828,0.02486872859299183,0.001,0.9931603074073792,0.9922407269477844,0.9999074339866638,0.8998333215713501,0.40580958127975464,0.9113988876342773,0.8914999961853027,0.9911666512489319
12,0.9926666617393494,0.022852206602692604,0.001,0.9932164549827576,0.9923703670501709,0.9999629855155945,0.9806666374206543,0.06835576146841049,0.9822949767112732,0.9801666736602783,0.9994999766349792
13,0.9932407140731812,0.020705046132206917,0.001,0.9937171936035156,0.9929259419441223,0.9999814629554749,0.8475000262260437,0.4701891243457794,0.8597269654273987,0.8396666646003723,0.9983333349227905
14,0.9950555562973022,0.016396112740039825,0.001,0.9954225420951843,0.994685173034668,0.9999629855155945,0.5665000081062317,1.5483568906784058,0.5903939604759216,0.546999990940094,0.996833324432373
15,0.9940370321273804,0.018744582310318947,0.001,0.9942926168441772,0.9936481714248657,0.9999629855155945,0.9598333239555359,0.14710813760757446,0.9627829194068909,0.9571666717529297,0.9991666674613953
16,0.9947037100791931,0.016621794551610947,0.001,0.9949970245361328,0.9944074153900146,0.9999814629554749,0.815500020980835,0.7346282005310059,0.8275506496429443,0.8029999732971191,0.9925000071525574
17,0.9942777752876282,0.019066911190748215,0.001,0.9945707321166992,0.9939629435539246,0.9999814629554749,0.9701666831970215,0.12181425839662552,0.97274249792099,0.9695000052452087,0.9978333115577698
18,0.9982407689094543,0.0059663658030331135,0.0005,0.9983330965042114,0.9981851577758789,1.0,0.9801666736602783,0.07509920001029968,0.9824385643005371,0.9789999723434448,0.9993333220481873
19,0.9987407326698303,0.004105303902179003,0.0005,0.9988516569137573,0.9986851811408997,1.0,0.9818333387374878,0.07027331739664078,0.98281329870224,0.9816666841506958,0.999666690826416
20,0.9983518719673157,0.005353605840355158,0.0005,0.9984997510910034,0.9983147978782654,1.0,0.9853333234786987,0.06108374521136284,0.9854878783226013,0.984666645526886,1.0
21,0.9983333349227905,0.005144746508449316,0.0005,0.9984626770019531,0.9982592463493347,1.0,0.9661666750907898,0.13494032621383667,0.9677095413208008,0.9639999866485596,0.999833345413208
22,0.9981481432914734,0.0054036895744502544,0.0005,0.9981664419174194,0.9980555772781372,1.0,0.9546666741371155,0.17351938784122467,0.9601010084152222,0.9505000114440918,0.9973333477973938
23,0.9981666803359985,0.005521011538803577,0.0005,0.998277485370636,0.9981111288070679,1.0,0.9896666407585144,0.041510216891765594,0.9901601076126099,0.9894999861717224,0.999666690826416
24,0.9985370635986328,0.004858141764998436,0.0005,0.9985554218292236,0.9984814524650574,1.0,0.9693333506584167,0.10604120790958405,0.9706029891967773,0.968500018119812,0.999833345413208
25,0.9980740547180176,0.005733364727348089,0.0005,0.9981479048728943,0.9980185031890869,1.0,0.9891666769981384,0.04101566970348358,0.9894930124282837,0.9888333082199097,0.999666690826416
26,0.998629629611969,0.0042789531871676445,0.0005,0.9987220168113708,0.9985740780830383,1.0,0.9574999809265137,0.16198867559432983,0.9606496691703796,0.956166684627533,0.9990000128746033
27,0.9982407689094543,0.005231351125985384,0.0005,0.998314619064331,0.998203694820404,1.0,0.9588333368301392,0.15782731771469116,0.9592450261116028,0.9571666717529297,0.999666690826416
28,0.998370349407196,0.004927806090563536,0.0005,0.9984257221221924,0.9983147978782654,1.0,0.968500018119812,0.13734453916549683,0.9700968861579895,0.9678333401679993,0.9990000128746033
29,0.9986481666564941,0.0035373021382838488,0.0005,0.9986851215362549,0.998629629611969,1.0,0.9804999828338623,0.08748116344213486,0.9814659953117371,0.9796666502952576,0.999833345413208
30,0.9983147978782654,0.004972714930772781,0.0005,0.9983886480331421,0.9982407689094543,1.0,0.9741666913032532,0.11439505219459534,0.9760949611663818,0.9731666445732117,0.9986666440963745
31,0.9995926022529602,0.001468386733904481,0.00025,0.9995926022529602,0.9995740652084351,1.0,0.9904999732971191,0.0460713692009449,0.9908303022384644,0.9904999732971191,0.999833345413208
32,0.9996296167373657,0.0010768952779471874,0.00025,0.9996296167373657,0.9996296167373657,1.0,0.9938333630561829,0.03132076933979988,0.9939979910850525,0.9936666488647461,0.999833345413208
33,0.9997037053108215,0.0009511856478638947,0.00025,0.9997037053108215,0.9997037053108215,1.0,0.9928333163261414,0.03632747754454613,0.9928297400474548,0.9923333525657654,1.0
34,0.9997777938842773,0.0008175063412636518,0.00025,0.9997777938842773,0.9997592568397522,1.0,0.9838333129882812,0.0765698105096817,0.9844793081283569,0.9831666946411133,0.9991666674613953
35,0.9997962713241577,0.0006464091129601002,0.00025,0.9997962713241577,0.9997777938842773,1.0,0.9921666383743286,0.041732847690582275,0.9926605224609375,0.9918333292007446,0.999833345413208
36,0.9998148083686829,0.0007121670059859753,0.00025,0.9998148083686829,0.9998148083686829,1.0,0.9940000176429749,0.035240065306425095,0.9940000176429749,0.9940000176429749,0.999833345413208
37,0.9993888735771179,0.0018255956238135695,0.00025,0.9993888735771179,0.9993703961372375,1.0,0.9923333525657654,0.04667790234088898,0.9926605224609375,0.9918333292007446,0.999833345413208
38,0.9998703598976135,0.0005762269720435143,0.000125,0.9998703598976135,0.9998703598976135,1.0,0.9941666722297668,0.03235689178109169,0.9943323731422424,0.9941666722297668,0.999833345413208
39,0.9999629855155945,0.0003678282373584807,0.000125,0.9999629855155945,0.9999444484710693,1.0,0.9916666746139526,0.047001954168081284,0.991830587387085,0.9915000200271606,0.999833345413208
40,0.9999074339866638,0.00032876923796720803,0.000125,0.9999074339866638,0.9999074339866638,1.0,0.9933333396911621,0.03663429990410805,0.993663489818573,0.9931666851043701,0.999833345413208
41,0.9999444484710693,0.00028038531308993697,0.000125,0.9999444484710693,0.9999444484710693,1.0,0.9804999828338623,0.09770932048559189,0.9806634187698364,0.9804999828338623,0.9993333220481873
42,0.9998148083686829,0.0004864881921093911,0.000125,0.9998148083686829,0.9998148083686829,1.0,0.9871666431427002,0.05675077438354492,0.9878211617469788,0.9868333339691162,0.999833345413208
43,0.9999444484710693,0.0002923383144661784,6.25e-05,0.9999444484710693,0.9999444484710693,1.0,0.9943333268165588,0.03338399901986122,0.9944990873336792,0.9943333268165588,1.0
44,0.9999814629554749,0.0001657694228924811,6.25e-05,0.9999814629554749,0.9999814629554749,1.0,0.9940000176429749,0.03408275172114372,0.9941657185554504,0.9940000176429749,0.999833345413208
45,1.0,0.00010586519783828408,6.25e-05,1.0,1.0,1.0,0.9943333268165588,0.032752130180597305,0.9943333268165588,0.9943333268165588,0.999833345413208
46,0.9999629855155945,0.0001545249979244545,6.25e-05,0.9999629855155945,0.9999629855155945,1.0,0.9936666488647461,0.0384126752614975,0.9936666488647461,0.9936666488647461,0.999833345413208
47,0.9999814629554749,0.00012145145592512563,6.25e-05,0.9999814629554749,0.9999814629554749,1.0,0.9943333268165588,0.033406492322683334,0.9943333268165588,0.9943333268165588,0.999833345413208
48,1.0,7.937448390293866e-05,3.125e-05,1.0,1.0,1.0,0.9948333501815796,0.03305002301931381,0.994832456111908,0.9946666955947876,0.999833345413208
49,0.9999814629554749,9.368539758725092e-05,3.125e-05,0.9999814629554749,0.9999814629554749,1.0,0.9948333501815796,0.032611217349767685,0.9948333501815796,0.9948333501815796,0.999833345413208
