epoch,accuracy,loss,lr,precision,recall,top5_accuracy,val_accuracy,val_loss,val_precision,val_recall,val_top5_accuracy
0,0.9343147873878479,0.2418324053287506,0.001,0.968835175037384,0.9021111130714417,0.9922778010368347,0.30916666984558105,2.9476428031921387,0.6569746136665344,0.29750001430511475,0.6886666417121887
1,0.9744629859924316,0.08638065308332443,0.001,0.9798780679702759,0.9703333377838135,0.9993888735771179,0.5226666927337646,2.222017765045166,0.5363057255744934,0.4911666810512543,0.9401666522026062
2,0.9811111092567444,0.0631135031580925,0.001,0.9843490719795227,0.9783518314361572,0.9998888969421387,0.7695000171661377,0.7900408506393433,0.7889536023139954,0.7451666593551636,0.9976666569709778
3,0.982703685760498,0.05725625157356262,0.001,0.9849330186843872,0.980555534362793,0.9996481537818909,0.48899999260902405,1.8720989227294922,0.5306712985038757,0.4584999978542328,0.9861666560173035
4,0.9859814643859863,0.04609682038426399,0.001,0.9875178933143616,0.9845370650291443,0.999833345413208,0.6701666712760925,1.3709588050842285,0.7170642018318176,0.6513333320617676,0.9471666812896729
5,0.9874444603919983,0.04136792570352554,0.001,0.988896906375885,0.9863148331642151,0.999833345413208,0.8153333067893982,0.6722869277000427,0.8299791812896729,0.7973333597183228,0.9991666674613953
6,0.9894258975982666,0.03335059806704521,0.001,0.9905717968940735,0.9883888959884644,0.9998888969421387,0.753333330154419,0.8453413844108582,0.7846455574035645,0.73416668176651,0.9898333549499512
7,0.9889629483222961,0.03328617289662361,0.001,0.9898733496665955,0.9883518815040588,0.9999074339866638,0.32100000977516174,2.79862380027771,0.3223661184310913,0.3070000112056732,0.9929999709129333
8,0.9905370473861694,0.029812397435307503,0.001,0.9913209676742554,0.9899073839187622,0.9999074339866638,0.8324999809265137,0.474778413772583,0.8516387939453125,0.8141666650772095,0.9990000128746033
9,0.9917592406272888,0.02484383061528206,0.001,0.9924173355102539,0.9912962913513184,0.9999814629554749,0.7698333263397217,0.8876147270202637,0.790015697479248,0.7543333172798157,0.9850000143051147
10,0.9920555353164673,0.024131348356604576,0.001,0.9926211833953857,0.9914814829826355,0.9999814629554749,0.7703333497047424,0.9504077434539795,0.7785702347755432,0.7641666531562805,0.996999979019165
11,0.9940184950828552,0.020371807739138603,0.001,0.9945502281188965,0.9935740828514099,0.9999629855155945,0.6441666483879089,1.5168583393096924,0.6550112366676331,0.6306666731834412,0.9810000061988831
12,0.9936666488647461,0.02045576460659504,0.001,0.9941428303718567,0.9932407140731812,0.9999814629554749,0.8161666393280029,0.5899779796600342,0.8436061143875122,0.793833315372467,0.9931666851043701
13,0.9935370087623596,0.019587092101573944,0.001,0.9939035773277283,0.9932777881622314,0.9999814629554749,0.8420000076293945,0.8516160249710083,0.8646904826164246,0.8264999985694885,0.9663333296775818
14,0.9969815015792847,0.00930462870746851,0.0005,0.997073233127594,0.9967963099479675,0.9999814629554749,0.9776666760444641,0.08365866541862488,0.9784641265869141,0.9768333435058594,0.999833345413208
15,0.9979814887046814,0.006574722472578287,0.0005,0.9980920553207397,0.9978148341178894,1.0,0.9769999980926514,0.08812181651592255,0.9786096215248108,0.9760000109672546,0.9994999766349792
16,0.9983333349227905,0.005837962031364441,0.0005,0.998444139957428,0.9982407689094543,0.9999814629554749,0.9816666841506958,0.0755942091345787,0.9828075170516968,0.981333315372467,0.999666690826416
17,0.9982222318649292,0.006144485902041197,0.0005,0.9983329772949219,0.9981111288070679,1.0,0.6959999799728394,1.3830517530441284,0.6985492706298828,0.6901666522026062,0.9973333477973938
18,0.9979259371757507,0.006123575381934643,0.0005,0.9979625940322876,0.9977962970733643,0.9999814629554749,0.9728333353996277,0.10132655501365662,0.9739348292350769,0.9714999794960022,0.999666690826416
19,0.9975185394287109,0.006889237090945244,0.0005,0.9976291656494141,0.99742591381073,1.0,0.7863333225250244,0.9832521677017212,0.7891819477081299,0.7829999923706055,0.9980000257492065
20,0.9982777833938599,0.005731773097068071,0.0005,0.9983701109886169,0.9982222318649292,1.0,0.9649999737739563,0.13889479637145996,0.9667335152626038,0.9638333320617676,0.9991666674613953
21,0.9980555772781372,0.006116013508290052,0.0005,0.9981293678283691,0.9979814887046814,1.0,0.9860000014305115,0.06301380693912506,0.9864864945411682,0.9854999780654907,0.9993333220481873
22,0.9984814524650574,0.004498365800827742,0.0005,0.9985184073448181,0.9984259009361267,1.0,0.8999999761581421,0.37812379002571106,0.9020920395851135,0.8983333110809326,1.0
23,0.9975555539131165,0.007108389399945736,0.0005,0.9977031350135803,0.9974444508552551,1.0,0.9635000228881836,0.13660581409931183,0.9660137295722961,0.9616666436195374,0.9993333220481873
24,0.9983147978782654,0.004735937342047691,0.0005,0.9984071850776672,0.9982592463493347,1.0,0.9643333554267883,0.14563360810279846,0.9650852084159851,0.9628333449363708,0.9988333582878113
25,0.998203694820404,0.005559376906603575,0.0005,0.9982775449752808,0.9981296062469482,1.0,0.9835000038146973,0.06865103542804718,0.9843019247055054,0.9823333621025085,1.0
26,0.9990000128746033,0.003109036246314645,0.0005,0.9990553855895996,0.9988889098167419,1.0,0.9863333106040955,0.0554308220744133,0.9874791502952576,0.9858333468437195,0.9993333220481873
27,0.9987037181854248,0.003996499348431826,0.0005,0.9987590909004211,0.998629629611969,1.0,0.9794999957084656,0.08208521455526352,0.9809587597846985,0.9788333177566528,0.999666690826416
28,0.9982777833938599,0.005222868639975786,0.0005,0.9983330965042114,0.998203694820404,1.0,0.9446666836738586,0.1901274472475052,0.9478712677955627,0.9424999952316284,0.999833345413208
29,0.9977777600288391,0.00655027199536562,0.0005,0.9978330731391907,0.9977037310600281,1.0,0.8153333067893982,0.9879932403564453,0.8189741969108582,0.8143333196640015,0.9938333630561829
30,0.9985740780830383,0.004513935651630163,0.0005,0.9986850619316101,0.9985740780830383,1.0,0.9291666746139526,0.2830335795879364,0.9318942427635193,0.9281666874885559,0.996666669845581
31,0.9985926151275635,0.004112689755856991,0.0005,0.9986294507980347,0.9985185265541077,1.0,0.9613333344459534,0.1512002795934677,0.9622704386711121,0.9606666564941406,0.9994999766349792
32,0.9993888735771179,0.002019934356212616,0.00025,0.9994444251060486,0.9993703961372375,1.0,0.9915000200271606,0.0381399542093277,0.9916638731956482,0.9913333058357239,0.999833345413208
33,0.9998148083686829,0.0010062919463962317,0.00025,0.9998148083686829,0.9997962713241577,1.0,0.9871666431427002,0.06591114401817322,0.9876604676246643,0.9871666431427002,0.999833345413208
34,0.9997962713241577,0.0007256171084009111,0.00025,0.9997962713241577,0.9997962713241577,1.0,0.9929999709129333,0.033676233142614365,0.9931643605232239,0.9928333163261414,1.0
35,0.9997777938842773,0.0007216308731585741,0.00025,0.9997777938842773,0.9997777938842773,1.0,0.9883333444595337,0.04798773676156998,0.9884942173957825,0.9879999756813049,0.999833345413208
36,0.9995185136795044,0.0015687095001339912,0.00025,0.9995555281639099,0.9995185136795044,1.0,0.9558333158493042,0.22002027928829193,0.9575037360191345,0.9538333415985107,0.9983333349227905
37,0.9994814991950989,0.0017044561682268977,0.00025,0.9994999766349792,0.9994629621505737,1.0,0.9900000095367432,0.04330984875559807,0.9901617765426636,0.9896666407585144,0.999833345413208
38,0.9997592568397522,0.0010580422822386026,0.00025,0.9997962713241577,0.9997222423553467,1.0,0.9915000200271606,0.04202703759074211,0.992157518863678,0.9909999966621399,1.0
39,0.999833345413208,0.0006343022105284035,0.00025,0.999833345413208,0.9998148083686829,1.0,0.9903333187103271,0.04587092250585556,0.9911578297615051,0.9901666641235352,0.999666690826416
40,0.9997777938842773,0.0006646636757068336,0.000125,0.9997777938842773,0.9997777938842773,1.0,0.9925000071525574,0.03958332538604736,0.9928309321403503,0.9925000071525574,1.0
41,0.9999259114265442,0.00044416007585823536,0.000125,0.9999444484710693,0.9999074339866638,1.0,0.9943333268165588,0.03266328573226929,0.9943323731422424,0.9941666722297668,1.0
42,0.9999444484710693,0.0003157497267238796,0.000125,0.9999444484710693,0.9999444484710693,1.0,0.9938333630561829,0.033928629010915756,0.9938333630561829,0.9938333630561829,1.0
43,0.9999814629554749,0.0002295511367265135,0.000125,0.9999814629554749,0.9999814629554749,1.0,0.9936666488647461,0.031148159876465797,0.9938322901725769,0.9936666488647461,1.0
44,0.9999259114265442,0.0003375507367309183,0.000125,0.9999259114265442,0.9999259114265442,1.0,0.9906666874885559,0.04374469444155693,0.9913275241851807,0.9906666874885559,1.0
45,0.9997962713241577,0.0006278784130699933,0.000125,0.9997962713241577,0.9997962713241577,1.0,0.9926666617393494,0.03635773807764053,0.9926666617393494,0.9926666617393494,1.0
46,0.9999259114265442,0.0003238459466956556,0.000125,0.9999259114265442,0.9999074339866638,1.0,0.9938333630561829,0.03269932419061661,0.9938333630561829,0.9938333630561829,1.0
47,0.9997962713241577,0.0006263615214265883,0.000125,0.9997962713241577,0.9997962713241577,1.0,0.9848333597183228,0.07305646687746048,0.9854903221130371,0.9848333597183228,0.9991666674613953
48,0.9999074339866638,0.0004425625957082957,0.000125,0.9999074339866638,0.9999074339866638,1.0,0.9938333630561829,0.03507564961910248,0.9941647052764893,0.9938333630561829,1.0
49,0.9998888969421387,0.0002997034171130508,6.25e-05,0.9998888969421387,0.9998888969421387,1.0,0.9940000176429749,0.03388455882668495,0.9939990043640137,0.9938333630561829,1.0
